<?xml version="1.0" encoding="UTF-8"?>
<!-- Generated by org.testng.reporters.JUnitXMLReporter -->
<testsuite hostname="DESKTOP-57JD9T5" ignored="0" tests="5" failures="0" timestamp="2021-02-10T12:07:19 CET" time="80.099" errors="0">
  <testcase name="testhomepage" time="1.534" classname="ModuleTestBySpeciality"/>
  <testcase name="testsubmitBynamebyspeciality" time="10.183" classname="ModuleTestBySpeciality"/>
  <testcase name="testsubmitbuttonisdisabledwithblankvalues" time="0.501" classname="ModuleTestBySpeciality"/>
  <testcase name="testpatientmandatoryfields" time="5.368" classname="ModuleTestBySpeciality"/>
  <testcase name="testappointmentmandatoryfields" time="7.628" classname="ModuleTestBySpeciality"/>
</testsuite>
